0 info it worked if it ends with ok
1 verbose cli [ '/usr/local/bin/node', '/usr/local/bin/npm', 'publish' ]
2 info using npm@4.1.2
3 info using node@v7.5.0
4 verbose publish [ '.' ]
5 silly cache add args [ '.', null ]
6 verbose cache add spec .
7 silly cache add parsed spec Result {
7 silly cache add   raw: '.',
7 silly cache add   scope: null,
7 silly cache add   escapedName: null,
7 silly cache add   name: null,
7 silly cache add   rawSpec: '.',
7 silly cache add   spec: '/Users/vincentbollaert/dev/styleguide',
7 silly cache add   type: 'directory' }
8 verbose addLocalDirectory /Users/vincentbollaert/.npm/styleguide/1.0.0/package.tgz not in flight; packing
9 verbose correctMkdir /Users/vincentbollaert/.npm correctMkdir not in flight; initializing
10 info lifecycle styleguide@1.0.0~prepublish: styleguide@1.0.0
11 silly lifecycle styleguide@1.0.0~prepublish: no script for prepublish, continuing
12 info lifecycle styleguide@1.0.0~prepare: styleguide@1.0.0
13 silly lifecycle styleguide@1.0.0~prepare: no script for prepare, continuing
14 verbose tar pack [ '/Users/vincentbollaert/.npm/styleguide/1.0.0/package.tgz',
14 verbose tar pack   '/Users/vincentbollaert/dev/styleguide' ]
15 verbose tarball /Users/vincentbollaert/.npm/styleguide/1.0.0/package.tgz
16 verbose folder /Users/vincentbollaert/dev/styleguide
17 verbose addLocalTarball adding from inside cache /Users/vincentbollaert/.npm/styleguide/1.0.0/package.tgz
18 verbose correctMkdir /Users/vincentbollaert/.npm correctMkdir not in flight; initializing
19 silly cache afterAdd styleguide@1.0.0
20 verbose afterAdd /Users/vincentbollaert/.npm/styleguide/1.0.0/package/package.json not in flight; writing
21 verbose correctMkdir /Users/vincentbollaert/.npm correctMkdir not in flight; initializing
22 verbose afterAdd /Users/vincentbollaert/.npm/styleguide/1.0.0/package/package.json written
23 silly publish { name: 'styleguide',
23 silly publish   version: '1.0.0',
23 silly publish   description: 'A modern styleguide for personal projects',
23 silly publish   main: 'style.scss',
23 silly publish   scripts:
23 silly publish    { build: 'node-sass --include-path scss ./src/style.scss ./example/style.css',
23 silly publish      watch: 'node-sass -w ./src -o ./example' },
23 silly publish   repository:
23 silly publish    { type: 'git',
23 silly publish      url: 'git+https://github.com/vincentbollaert/styleguide.git' },
23 silly publish   author: { name: 'Vincent Bollaert', email: 'vincentbollaert@gmail.com' },
23 silly publish   license: 'MIT',
23 silly publish   dependencies: { 'node-sass': '^4.5.0', 'normalize.css': '^5.0.0' },
23 silly publish   readme: '# styleguide',
23 silly publish   readmeFilename: 'README.md',
23 silly publish   gitHead: '3ae6ec5fe2451f085a8ebb14a2011f935796c1c1',
23 silly publish   bugs: { url: 'https://github.com/vincentbollaert/styleguide/issues' },
23 silly publish   homepage: 'https://github.com/vincentbollaert/styleguide#readme',
23 silly publish   _id: 'styleguide@1.0.0',
23 silly publish   _shasum: 'b979f1810d0b45d55be5d8b39b7231ed594f71fb',
23 silly publish   _from: '.' }
24 info lifecycle styleguide@1.0.0~prepublishOnly: styleguide@1.0.0
25 silly lifecycle styleguide@1.0.0~prepublishOnly: no script for prepublishOnly, continuing
26 verbose getPublishConfig undefined
27 silly mapToRegistry name styleguide
28 silly mapToRegistry using default registry
29 silly mapToRegistry registry https://registry.npmjs.org/
30 silly mapToRegistry data Result {
30 silly mapToRegistry   raw: 'styleguide',
30 silly mapToRegistry   scope: null,
30 silly mapToRegistry   escapedName: 'styleguide',
30 silly mapToRegistry   name: 'styleguide',
30 silly mapToRegistry   rawSpec: '',
30 silly mapToRegistry   spec: 'latest',
30 silly mapToRegistry   type: 'tag' }
31 silly mapToRegistry uri https://registry.npmjs.org/styleguide
32 verbose publish registryBase https://registry.npmjs.org/
33 silly publish uploading /Users/vincentbollaert/.npm/styleguide/1.0.0/package.tgz
34 verbose request uri https://registry.npmjs.org/styleguide
35 verbose request sending authorization for write operation
36 info attempt registry request try #1 at 8:50:16 PM
37 verbose request using bearer token for auth
38 verbose request id d03b29389f11279b
39 http request PUT https://registry.npmjs.org/styleguide
40 http 403 https://registry.npmjs.org/styleguide
41 verbose headers { 'content-type': 'application/json',
41 verbose headers   'cache-control': 'max-age=300',
41 verbose headers   'content-length': '104',
41 verbose headers   'accept-ranges': 'bytes',
41 verbose headers   date: 'Thu, 02 Mar 2017 18:50:16 GMT',
41 verbose headers   via: '1.1 varnish',
41 verbose headers   connection: 'keep-alive',
41 verbose headers   'x-served-by': 'cache-lhr6331-LHR',
41 verbose headers   'x-cache': 'MISS',
41 verbose headers   'x-cache-hits': '0',
41 verbose headers   'x-timer': 'S1488480616.068295,VS0,VE897',
41 verbose headers   vary: 'Accept-Encoding' }
42 verbose request invalidating /Users/vincentbollaert/.npm/registry.npmjs.org/styleguide on PUT
43 error publish Failed PUT 403
44 verbose stack Error: you do not have permission to publish "styleguide". Are you logged in as the correct user? : styleguide
44 verbose stack     at makeError (/usr/local/lib/node_modules/npm/node_modules/npm-registry-client/lib/request.js:304:12)
44 verbose stack     at CachingRegistryClient.<anonymous> (/usr/local/lib/node_modules/npm/node_modules/npm-registry-client/lib/request.js:292:14)
44 verbose stack     at Request._callback (/usr/local/lib/node_modules/npm/node_modules/npm-registry-client/lib/request.js:212:14)
44 verbose stack     at Request.self.callback (/usr/local/lib/node_modules/npm/node_modules/request/request.js:186:22)
44 verbose stack     at emitTwo (events.js:106:13)
44 verbose stack     at Request.emit (events.js:192:7)
44 verbose stack     at Request.<anonymous> (/usr/local/lib/node_modules/npm/node_modules/request/request.js:1081:10)
44 verbose stack     at emitOne (events.js:96:13)
44 verbose stack     at Request.emit (events.js:189:7)
44 verbose stack     at IncomingMessage.<anonymous> (/usr/local/lib/node_modules/npm/node_modules/request/request.js:1001:12)
45 verbose statusCode 403
46 verbose pkgid styleguide
47 verbose cwd /Users/vincentbollaert/dev/styleguide
48 error Darwin 14.5.0
49 error argv "/usr/local/bin/node" "/usr/local/bin/npm" "publish"
50 error node v7.5.0
51 error npm  v4.1.2
52 error code E403
53 error you do not have permission to publish "styleguide". Are you logged in as the correct user? : styleguide
54 error If you need help, you may report this error at:
54 error     <https://github.com/npm/npm/issues>
55 verbose exit [ 1, true ]
